[     193ms] [LOG] [Fast Refresh] rebuilding @ http://localhost:3000/_next/static/chunks/08r1_next_dist_0vbcgnw._.js:2431
[     314ms] [LOG] [Fast Refresh] done in 222ms @ http://localhost:3000/_next/static/chunks/08r1_next_dist_0vbcgnw._.js:2431
[     422ms] [LOG] [Fast Refresh] rebuilding @ http://localhost:3000/_next/static/chunks/08r1_next_dist_0vbcgnw._.js:2431
[     873ms] [LOG] [Fast Refresh] done in 551ms @ http://localhost:3000/_next/static/chunks/08r1_next_dist_0vbcgnw._.js:2431
[    1851ms] [INFO] %cDownload the React DevTools for a better development experience: https://react.dev/link/react-devtools font-weight:bold @ http://localhost:3000/_next/static/chunks/08r1_next_dist_0vbcgnw._.js:2431
[    2153ms] [LOG] [HMR] connected @ http://localhost:3000/_next/static/chunks/08r1_next_dist_0vbcgnw._.js:2431
[   15381ms] [LOG] [Fast Refresh] rebuilding @ http://localhost:3000/_next/static/chunks/08r1_next_dist_0vbcgnw._.js:2431
[   15448ms] [LOG] [Fast Refresh] done in 167ms @ http://localhost:3000/_next/static/chunks/08r1_next_dist_0vbcgnw._.js:2431
[ 1213132ms] [LOG] [Fast Refresh] rebuilding @ http://localhost:3000/_next/static/chunks/08r1_next_dist_0vbcgnw._.js:2431
[ 1214036ms] [LOG] [Fast Refresh] done in 663ms @ http://localhost:3000/_next/static/chunks/08r1_next_dist_0vbcgnw._.js:2431
[ 1216976ms] [LOG] [Fast Refresh] rebuilding @ http://localhost:3000/_next/static/chunks/08r1_next_dist_0vbcgnw._.js:2431
[ 1219730ms] [LOG] [Fast Refresh] done in 2395ms @ http://localhost:3000/_next/static/chunks/08r1_next_dist_0vbcgnw._.js:2431
[ 4927414ms] [LOG] [Fast Refresh] rebuilding @ http://localhost:3000/_next/static/chunks/08r1_next_dist_0vbcgnw._.js:2431
[ 4927439ms] [LOG] [Fast Refresh] done in 126ms @ http://localhost:3000/_next/static/chunks/08r1_next_dist_0vbcgnw._.js:2431
[ 4929191ms] [LOG] [Fast Refresh] rebuilding @ http://localhost:3000/_next/static/chunks/08r1_next_dist_0vbcgnw._.js:2431
[ 4929327ms] [LOG] [Fast Refresh] done in 238ms @ http://localhost:3000/_next/static/chunks/08r1_next_dist_0vbcgnw._.js:2431
[ 4929810ms] [LOG] [Fast Refresh] rebuilding @ http://localhost:3000/_next/static/chunks/08r1_next_dist_0vbcgnw._.js:2431
[ 4929842ms] [LOG] [Fast Refresh] done in 133ms @ http://localhost:3000/_next/static/chunks/08r1_next_dist_0vbcgnw._.js:2431
[ 6717178ms] [LOG] [Fast Refresh] rebuilding @ http://localhost:3000/_next/static/chunks/08r1_next_dist_0vbcgnw._.js:2431
[ 6719884ms] [LOG] [Fast Refresh] done in 2304ms @ http://localhost:3000/_next/static/chunks/08r1_next_dist_0vbcgnw._.js:2431
[ 7003484ms] [LOG] [Fast Refresh] rebuilding @ http://localhost:3000/_next/static/chunks/08r1_next_dist_0vbcgnw._.js:2431
[ 7007248ms] [LOG] [Fast Refresh] done in 3820ms @ http://localhost:3000/_next/static/chunks/08r1_next_dist_0vbcgnw._.js:2431
[ 7256086ms] [LOG] [Fast Refresh] rebuilding @ http://localhost:3000/_next/static/chunks/08r1_next_dist_0vbcgnw._.js:2431
[ 7259757ms] [LOG] [Fast Refresh] done in 3306ms @ http://localhost:3000/_next/static/chunks/08r1_next_dist_0vbcgnw._.js:2431
[ 7321073ms] [LOG] [Fast Refresh] rebuilding @ http://localhost:3000/_next/static/chunks/08r1_next_dist_0vbcgnw._.js:2431
[ 7323897ms] [LOG] [Fast Refresh] done in 1352ms @ http://localhost:3000/_next/static/chunks/08r1_next_dist_0vbcgnw._.js:2431
[ 7477430ms] [LOG] [Fast Refresh] rebuilding @ http://localhost:3000/_next/static/chunks/08r1_next_dist_0vbcgnw._.js:2431
[ 7480461ms] [LOG] [Fast Refresh] done in 2758ms @ http://localhost:3000/_next/static/chunks/08r1_next_dist_0vbcgnw._.js:2431
[ 7484531ms] [LOG] [Fast Refresh] rebuilding @ http://localhost:3000/_next/static/chunks/08r1_next_dist_0vbcgnw._.js:2431
[ 7485626ms] [LOG] [Fast Refresh] done in 1145ms @ http://localhost:3000/_next/static/chunks/08r1_next_dist_0vbcgnw._.js:2431
[ 7522102ms] [LOG] [Fast Refresh] rebuilding @ http://localhost:3000/_next/static/chunks/08r1_next_dist_0vbcgnw._.js:2431
[ 7522125ms] [LOG] [Fast Refresh] done in 123ms @ http://localhost:3000/_next/static/chunks/08r1_next_dist_0vbcgnw._.js:2431
[ 7634640ms] [LOG] [Fast Refresh] rebuilding @ http://localhost:3000/_next/static/chunks/08r1_next_dist_0vbcgnw._.js:2431
[ 7635425ms] [LOG] [Fast Refresh] done in 633ms @ http://localhost:3000/_next/static/chunks/08r1_next_dist_0vbcgnw._.js:2431
[ 7920890ms] [LOG] [Fast Refresh] rebuilding @ http://localhost:3000/_next/static/chunks/08r1_next_dist_0vbcgnw._.js:2431
[ 7923175ms] [LOG] [Fast Refresh] done in 872ms @ http://localhost:3000/_next/static/chunks/08r1_next_dist_0vbcgnw._.js:2431
[ 7923746ms] [LOG] [Fast Refresh] rebuilding @ http://localhost:3000/_next/static/chunks/08r1_next_dist_0vbcgnw._.js:2431
[ 7923777ms] [LOG] [Fast Refresh] done in 132ms @ http://localhost:3000/_next/static/chunks/08r1_next_dist_0vbcgnw._.js:2431
[ 7924216ms] [LOG] [Fast Refresh] rebuilding @ http://localhost:3000/_next/static/chunks/08r1_next_dist_0vbcgnw._.js:2431
[ 7924374ms] [LOG] [Fast Refresh] done in 261ms @ http://localhost:3000/_next/static/chunks/08r1_next_dist_0vbcgnw._.js:2431
[ 7924730ms] [LOG] [Fast Refresh] rebuilding @ http://localhost:3000/_next/static/chunks/08r1_next_dist_0vbcgnw._.js:2431
[ 7924927ms] [LOG] [Fast Refresh] done in 298ms @ http://localhost:3000/_next/static/chunks/08r1_next_dist_0vbcgnw._.js:2431
[ 7926122ms] [LOG] [Fast Refresh] rebuilding @ http://localhost:3000/_next/static/chunks/08r1_next_dist_0vbcgnw._.js:2431
[ 7926164ms] [LOG] [Fast Refresh] done in 142ms @ http://localhost:3000/_next/static/chunks/08r1_next_dist_0vbcgnw._.js:2431
[ 7926386ms] [LOG] [Fast Refresh] rebuilding @ http://localhost:3000/_next/static/chunks/08r1_next_dist_0vbcgnw._.js:2431
[ 7926497ms] [LOG] [Fast Refresh] done in 227ms @ http://localhost:3000/_next/static/chunks/08r1_next_dist_0vbcgnw._.js:2431
[ 7926881ms] [LOG] [Fast Refresh] rebuilding @ http://localhost:3000/_next/static/chunks/08r1_next_dist_0vbcgnw._.js:2431
[ 7926889ms] [LOG] [Fast Refresh] done in 109ms @ http://localhost:3000/_next/static/chunks/08r1_next_dist_0vbcgnw._.js:2431
[ 7927581ms] [LOG] [Fast Refresh] rebuilding @ http://localhost:3000/_next/static/chunks/08r1_next_dist_0vbcgnw._.js:2431
[ 7927697ms] [LOG] [Fast Refresh] done in 216ms @ http://localhost:3000/_next/static/chunks/08r1_next_dist_0vbcgnw._.js:2431
[ 7927905ms] [LOG] [Fast Refresh] rebuilding @ http://localhost:3000/_next/static/chunks/08r1_next_dist_0vbcgnw._.js:2431
[ 7927962ms] [LOG] [Fast Refresh] done in 157ms @ http://localhost:3000/_next/static/chunks/08r1_next_dist_0vbcgnw._.js:2431
[ 7942529ms] [LOG] [Fast Refresh] rebuilding @ http://localhost:3000/_next/static/chunks/08r1_next_dist_0vbcgnw._.js:2431
[ 7942660ms] [LOG] [Fast Refresh] done in 232ms @ http://localhost:3000/_next/static/chunks/08r1_next_dist_0vbcgnw._.js:2431
[ 7948758ms] [LOG] [Fast Refresh] rebuilding @ http://localhost:3000/_next/static/chunks/08r1_next_dist_0vbcgnw._.js:2431
[ 7948825ms] [LOG] [Fast Refresh] done in 169ms @ http://localhost:3000/_next/static/chunks/08r1_next_dist_0vbcgnw._.js:2431
[ 7986620ms] [LOG] [Fast Refresh] rebuilding @ http://localhost:3000/_next/static/chunks/08r1_next_dist_0vbcgnw._.js:2431
[ 7986703ms] [LOG] [Fast Refresh] done in 184ms @ http://localhost:3000/_next/static/chunks/08r1_next_dist_0vbcgnw._.js:2431
[ 8044712ms] [LOG] [Fast Refresh] rebuilding @ http://localhost:3000/_next/static/chunks/08r1_next_dist_0vbcgnw._.js:2431
[ 8054271ms] [LOG] [Fast Refresh] done in 9659ms @ http://localhost:3000/_next/static/chunks/08r1_next_dist_0vbcgnw._.js:2431
[ 8057501ms] [LOG] [Fast Refresh] rebuilding @ http://localhost:3000/_next/static/chunks/08r1_next_dist_0vbcgnw._.js:2431
[ 8058871ms] [LOG] [Fast Refresh] done in 1471ms @ http://localhost:3000/_next/static/chunks/08r1_next_dist_0vbcgnw._.js:2431
[ 8155405ms] [LOG] [Fast Refresh] rebuilding @ http://localhost:3000/_next/static/chunks/08r1_next_dist_0vbcgnw._.js:2431
[ 8155579ms] [LOG] [Fast Refresh] done in 275ms @ http://localhost:3000/_next/static/chunks/08r1_next_dist_0vbcgnw._.js:2431
[ 8162735ms] [LOG] [Fast Refresh] rebuilding @ http://localhost:3000/_next/static/chunks/08r1_next_dist_0vbcgnw._.js:2431
[ 8163258ms] [LOG] [Fast Refresh] done in 209ms @ http://localhost:3000/_next/static/chunks/08r1_next_dist_0vbcgnw._.js:2431
[ 8163851ms] [LOG] [Fast Refresh] rebuilding @ http://localhost:3000/_next/static/chunks/08r1_next_dist_0vbcgnw._.js:2431
[ 8164097ms] [LOG] [Fast Refresh] done in 351ms @ http://localhost:3000/_next/static/chunks/08r1_next_dist_0vbcgnw._.js:2431
[ 8171004ms] [LOG] [Fast Refresh] rebuilding @ http://localhost:3000/_next/static/chunks/08r1_next_dist_0vbcgnw._.js:2431
[ 8173092ms] [LOG] [Fast Refresh] done in 2187ms @ http://localhost:3000/_next/static/chunks/08r1_next_dist_0vbcgnw._.js:2431
[ 8322356ms] [LOG] [Fast Refresh] rebuilding @ http://localhost:3000/_next/static/chunks/08r1_next_dist_0vbcgnw._.js:2431
[ 8322377ms] [LOG] [Fast Refresh] done in 123ms @ http://localhost:3000/_next/static/chunks/08r1_next_dist_0vbcgnw._.js:2431
[ 8393284ms] [LOG] [Fast Refresh] rebuilding @ http://localhost:3000/_next/static/chunks/08r1_next_dist_0vbcgnw._.js:2431
[ 8393373ms] [LOG] [Fast Refresh] done in 190ms @ http://localhost:3000/_next/static/chunks/08r1_next_dist_0vbcgnw._.js:2431
[ 8398166ms] [LOG] [Fast Refresh] rebuilding @ http://localhost:3000/_next/static/chunks/08r1_next_dist_0vbcgnw._.js:2431
[ 8398403ms] [LOG] [Fast Refresh] done in 320ms @ http://localhost:3000/_next/static/chunks/08r1_next_dist_0vbcgnw._.js:2431
[ 8421378ms] [LOG] [Fast Refresh] rebuilding @ http://localhost:3000/_next/static/chunks/08r1_next_dist_0vbcgnw._.js:2431
[ 8423473ms] [ERROR] ./Sites/allsite/namecadre-nextjs/app/template/template-library.tsx:193:15
Expected '</', got 'jsx text'
  191 |           })}
  192 |           {!filtered.length ? <p className="text-sm text-slate-600">No entries match current filters.</p> : null}
> 193 |         </div>
      |               ^^^^^^^^^^^^^^^^^^^^^^^^^^^^^^^^^^^^^^^^^^^^^^^^^^^^^^^^^^^^^^^^^^^^^^^^^^^^^^^^^^^^^^^^^^^^^^^^^^^^^^^^^^
> 194 |       </div>
      | ^^^^^^
  195 |     </main>
  196 |   );
  197 | }

Parsing ecmascript source code failed

Import trace:
  Server Component:
    ./Sites/allsite/namecadre-nextjs/app/template/template-library.tsx
    ./Sites/allsite/namecadre-nextjs/app/template/page.tsx @ http://localhost:3000/_next/static/chunks/08r1_next_dist_0vbcgnw._.js:3272
[ 8424253ms] [LOG] [Fast Refresh] rebuilding @ http://localhost:3000/_next/static/chunks/08r1_next_dist_0vbcgnw._.js:2431
[ 8424275ms] [ERROR] ./Sites/allsite/namecadre-nextjs/app/template/template-library.tsx:193:15
Expected '</', got 'jsx text'
  191 |           })}
  192 |           {!filtered.length ? <p className="text-sm text-slate-600">No entries match current filters.</p> : null}
> 193 |         </div>
      |               ^^^^^^^^^^^^^^^^^^^^^^^^^^^^^^^^^^^^^^^^^^^^^^^^^^^^^^^^^^^^^^^^^^^^^^^^^^^^^^^^^^^^^^^^^^^^^^^^^^^^^^^^^^
> 194 |       </div>
      | ^^^^^^
  195 |     </main>
  196 |   );
  197 | }

Parsing ecmascript source code failed

Import trace:
  Server Component:
    ./Sites/allsite/namecadre-nextjs/app/template/template-library.tsx
    ./Sites/allsite/namecadre-nextjs/app/template/page.tsx @ http://localhost:3000/_next/static/chunks/08r1_next_dist_0vbcgnw._.js:3272
[ 8461964ms] [LOG] [Fast Refresh] rebuilding @ http://localhost:3000/_next/static/chunks/08r1_next_dist_0vbcgnw._.js:2431
[ 8462771ms] [LOG] [Fast Refresh] done in 593ms @ http://localhost:3000/_next/static/chunks/08r1_next_dist_0vbcgnw._.js:2431
[ 8463642ms] [LOG] [Fast Refresh] rebuilding @ http://localhost:3000/_next/static/chunks/08r1_next_dist_0vbcgnw._.js:2431
[ 8463967ms] [LOG] [Fast Refresh] done in 425ms @ http://localhost:3000/_next/static/chunks/08r1_next_dist_0vbcgnw._.js:2431
[ 8550276ms] [LOG] [Fast Refresh] rebuilding @ http://localhost:3000/_next/static/chunks/08r1_next_dist_0vbcgnw._.js:2431
[ 8550530ms] [LOG] [Fast Refresh] done in 355ms @ http://localhost:3000/_next/static/chunks/08r1_next_dist_0vbcgnw._.js:2431
[ 8561558ms] [LOG] [Fast Refresh] rebuilding @ http://localhost:3000/_next/static/chunks/08r1_next_dist_0vbcgnw._.js:2431
[ 8562662ms] [LOG] [Fast Refresh] done in 346ms @ http://localhost:3000/_next/static/chunks/08r1_next_dist_0vbcgnw._.js:2431
[ 8573785ms] [LOG] [Fast Refresh] rebuilding @ http://localhost:3000/_next/static/chunks/08r1_next_dist_0vbcgnw._.js:2431
[ 8575194ms] [LOG] [Fast Refresh] done in 965ms @ http://localhost:3000/_next/static/chunks/08r1_next_dist_0vbcgnw._.js:2431
[ 9114460ms] [LOG] [Fast Refresh] rebuilding @ http://localhost:3000/_next/static/chunks/08r1_next_dist_0vbcgnw._.js:2431
[ 9114654ms] [LOG] [Fast Refresh] done in 295ms @ http://localhost:3000/_next/static/chunks/08r1_next_dist_0vbcgnw._.js:2431
[ 9114890ms] [LOG] [Fast Refresh] rebuilding @ http://localhost:3000/_next/static/chunks/08r1_next_dist_0vbcgnw._.js:2431
[ 9114891ms] [LOG] [Fast Refresh] done in 102ms @ http://localhost:3000/_next/static/chunks/08r1_next_dist_0vbcgnw._.js:2431
[ 9253230ms] [LOG] [Fast Refresh] rebuilding @ http://localhost:3000/_next/static/chunks/08r1_next_dist_0vbcgnw._.js:2431
[ 9253386ms] [LOG] [Fast Refresh] done in 258ms @ http://localhost:3000/_next/static/chunks/08r1_next_dist_0vbcgnw._.js:2431
[ 9271920ms] [LOG] [Fast Refresh] rebuilding @ http://localhost:3000/_next/static/chunks/08r1_next_dist_0vbcgnw._.js:2431
[ 9271937ms] [LOG] [Fast Refresh] done in 118ms @ http://localhost:3000/_next/static/chunks/08r1_next_dist_0vbcgnw._.js:2431
[ 9280568ms] [LOG] [Fast Refresh] rebuilding @ http://localhost:3000/_next/static/chunks/08r1_next_dist_0vbcgnw._.js:2431
[ 9280637ms] [LOG] [Fast Refresh] done in 171ms @ http://localhost:3000/_next/static/chunks/08r1_next_dist_0vbcgnw._.js:2431
[ 9291624ms] [LOG] [Fast Refresh] rebuilding @ http://localhost:3000/_next/static/chunks/08r1_next_dist_0vbcgnw._.js:2431
[ 9297734ms] [LOG] [Fast Refresh] done in 4530ms @ http://localhost:3000/_next/static/chunks/08r1_next_dist_0vbcgnw._.js:2431
[ 9299103ms] [LOG] [Fast Refresh] rebuilding @ http://localhost:3000/_next/static/chunks/08r1_next_dist_0vbcgnw._.js:2431
[ 9299620ms] [LOG] [Fast Refresh] done in 693ms @ http://localhost:3000/_next/static/chunks/08r1_next_dist_0vbcgnw._.js:2431
[ 9301546ms] [LOG] [Fast Refresh] rebuilding @ http://localhost:3000/_next/static/chunks/08r1_next_dist_0vbcgnw._.js:2431
[ 9301551ms] [LOG] [Fast Refresh] done in 107ms @ http://localhost:3000/_next/static/chunks/08r1_next_dist_0vbcgnw._.js:2431
[10894767ms] [LOG] [HMR] connected @ http://localhost:3000/_next/static/chunks/08r1_next_dist_0vbcgnw._.js:2431
