[     205ms] [LOG] [Fast Refresh] rebuilding @ http://localhost:3000/_next/static/chunks/node_modules_next_dist_0u_w_5s._.js:1226
[   10655ms] [LOG] [Fast Refresh] done in 10551ms @ http://localhost:3000/_next/static/chunks/node_modules_next_dist_0u_w_5s._.js:1226
[   10921ms] [LOG] [Fast Refresh] rebuilding @ http://localhost:3000/_next/static/chunks/node_modules_next_dist_0u_w_5s._.js:1226
[   11019ms] [LOG] [Fast Refresh] done in 199ms @ http://localhost:3000/_next/static/chunks/node_modules_next_dist_0u_w_5s._.js:1226
[   11072ms] [ERROR] Failed to load resource: the server responded with a status of 500 (Internal Server Error) @ http://localhost:3000/pricing:0
[   11419ms] [INFO] %cDownload the React DevTools for a better development experience: https://react.dev/link/react-devtools font-weight:bold @ http://localhost:3000/_next/static/chunks/node_modules_react-dom_0bruynb._.js:15305
[   11452ms] Error: Cannot find module 'swiper/css/bundle'
    at <unknown> (file:///Users/mustafijur_rhaman/Sites/allsite/namecadre-nextjs/.next/dev/server/chunks/ssr/[root-of-the-server]__0.e.raa._.js:143:15)
    at module evaluation (file:///Users/mustafijur_rhaman/Sites/allsite/namecadre-nextjs/.next/dev/server/chunks/ssr/[root-of-the-server]__0.e.raa._.js:146:3)
    at <unknown> (file:///Users/mustafijur_rhaman/Sites/allsite/namecadre-nextjs/.next/dev/server/chunks/ssr/[turbopack]_runtime.js:1291:27)
    at runWithHooks (file:///Users/mustafijur_rhaman/Sites/allsite/namecadre-nextjs/.next/dev/server/chunks/ssr/[turbopack]_runtime.js:1554:9)
    at instantiateModuleShared (file:///Users/mustafijur_rhaman/Sites/allsite/namecadre-nextjs/.next/dev/server/chunks/ssr/[turbopack]_runtime.js:1289:9)
    at instantiateModule (file:///Users/mustafijur_rhaman/Sites/allsite/namecadre-nextjs/.next/dev/server/chunks/ssr/[turbopack]_runtime.js:1557:23)
    at getOrInstantiateModuleFromParent (file:///Users/mustafijur_rhaman/Sites/allsite/namecadre-nextjs/.next/dev/server/chunks/ssr/[turbopack]_runtime.js:1593:23)
    at Context.esmImport [as i] (file:///Users/mustafijur_rhaman/Sites/allsite/namecadre-nextjs/.next/dev/server/chunks/ssr/[turbopack]_runtime.js:281:20)
    at module evaluation (file:///Users/mustafijur_rhaman/Sites/allsite/namecadre-nextjs/.next/dev/server/chunks/ssr/[root-of-the-server]__0.e.raa._.js:200:47)
    at <unknown> (file:///Users/mustafijur_rhaman/Sites/allsite/namecadre-nextjs/.next/dev/server/chunks/ssr/[turbopack]_runtime.js:1291:27)
    at runWithHooks (file:///Users/mustafijur_rhaman/Sites/allsite/namecadre-nextjs/.next/dev/server/chunks/ssr/[turbopack]_runtime.js:1554:9)
    at instantiateModuleShared (file:///Users/mustafijur_rhaman/Sites/allsite/namecadre-nextjs/.next/dev/server/chunks/ssr/[turbopack]_runtime.js:1289:9)
    at instantiateModule (file:///Users/mustafijur_rhaman/Sites/allsite/namecadre-nextjs/.next/dev/server/chunks/ssr/[turbopack]_runtime.js:1557:23)
    at getOrInstantiateModuleFromParent (file:///Users/mustafijur_rhaman/Sites/allsite/namecadre-nextjs/.next/dev/server/chunks/ssr/[turbopack]_runtime.js:1593:23)
    at Context.commonJsRequire [as r] (file:///Users/mustafijur_rhaman/Sites/allsite/namecadre-nextjs/.next/dev/server/chunks/ssr/[turbopack]_runtime.js:302:12)
    at Array.__TURBOPACK__layout__$23$1__ (file:///Users/mustafijur_rhaman/Sites/allsite/namecadre-nextjs/.next/dev/server/chunks/ssr/node_modules_0wf1.qp._.js:4581:64)
    at createFlightRouterStateFromLoaderTreeImpl (file:///Users/mustafijur_rhaman/Sites/allsite/namecadre-nextjs/node_modules/next/dist/compiled/next-server/app-page-turbo.runtime.dev.js:62:7029)
    at createFlightRouterStateFromLoaderTree (file:///Users/mustafijur_rhaman/Sites/allsite/namecadre-nextjs/node_modules/next/dist/compiled/next-server/app-page-turbo.runtime.dev.js:62:8541)
    at getRSCPayload (file:///Users/mustafijur_rhaman/Sites/allsite/namecadre-nextjs/node_modules/next/dist/compiled/next-server/app-page-turbo.runtime.dev.js:69:41555)
    at AsyncLocalStorage.run (node:internal/async_local_storage/async_context_frame:63:14)
    at <unknown> (file:///Users/mustafijur_rhaman/Sites/allsite/namecadre-nextjs/node_modules/next/dist/compiled/next-server/app-page-turbo.runtime.dev.js:69:74029)
    at NoopContextManager.with (file:///Users/mustafijur_rhaman/Sites/allsite/namecadre-nextjs/node_modules/next/dist/compiled/@opentelemetry/api/index.js:1:7062)
    at ContextAPI.with (file:///Users/mustafijur_rhaman/Sites/allsite/namecadre-nextjs/node_modules/next/dist/compiled/@opentelemetry/api/index.js:1:518)
    at NextTracerImpl.withSpan (file:///Users/mustafijur_rhaman/Sites/allsite/namecadre-nextjs/node_modules/next/dist/server/lib/trace/tracer.js:272:28)
    at renderToStream (file:///Users/mustafijur_rhaman/Sites/allsite/namecadre-nextjs/node_modules/next/dist/compiled/next-server/app-page-turbo.runtime.dev.js:69:69062)
    at renderToHTMLOrFlightImpl (file:///Users/mustafijur_rhaman/Sites/allsite/namecadre-nextjs/node_modules/next/dist/compiled/next-server/app-page-turbo.runtime.dev.js:69:56901)
[   11577ms] [LOG] [HMR] connected @ http://localhost:3000/_next/static/chunks/node_modules_next_dist_0u_w_5s._.js:1226
[   11894ms] [LOG] [Fast Refresh] rebuilding @ http://localhost:3000/_next/static/chunks/node_modules_next_dist_0u_w_5s._.js:1226
[   13145ms] [LOG] [Fast Refresh] done in 1512ms @ http://localhost:3000/_next/static/chunks/node_modules_next_dist_0u_w_5s._.js:1226
[   13524ms] [LOG] [Fast Refresh] rebuilding @ http://localhost:3000/_next/static/chunks/node_modules_next_dist_0u_w_5s._.js:1226
[   13772ms] [LOG] [Fast Refresh] done in 350ms @ http://localhost:3000/_next/static/chunks/node_modules_next_dist_0u_w_5s._.js:1226
[   25000ms] [LOG] [Fast Refresh] rebuilding @ http://localhost:3000/_next/static/chunks/node_modules_next_dist_0u_w_5s._.js:1226
[   25664ms] [LOG] [Fast Refresh] done in 764ms @ http://localhost:3000/_next/static/chunks/node_modules_next_dist_0u_w_5s._.js:1226
