[    1364ms] [INFO] %cDownload the React DevTools for a better development experience: https://react.dev/link/react-devtools font-weight:bold @ http://localhost:3000/_next/static/chunks/node_modules_next_dist_115brz8._.js:2431
[    1792ms] [LOG] [HMR] connected @ http://localhost:3000/_next/static/chunks/node_modules_next_dist_115brz8._.js:2431
[    2026ms] [LOG] [Fast Refresh] rebuilding @ http://localhost:3000/_next/static/chunks/node_modules_next_dist_115brz8._.js:2431
[    3027ms] [LOG] [Fast Refresh] done in 1200ms @ http://localhost:3000/_next/static/chunks/node_modules_next_dist_115brz8._.js:2431
[    3700ms] [ERROR] Failed to load resource: the server responded with a status of 404 (Not Found) @ http://localhost:3000/hostvibe/images/favicon.png:0
[    4022ms] [LOG] [Fast Refresh] rebuilding @ http://localhost:3000/_next/static/chunks/node_modules_next_dist_115brz8._.js:2431
[    4154ms] [LOG] [Fast Refresh] done in 378ms @ http://localhost:3000/_next/static/chunks/node_modules_next_dist_115brz8._.js:2431
[  392647ms] [LOG] [Fast Refresh] rebuilding @ http://localhost:3000/_next/static/chunks/node_modules_next_dist_115brz8._.js:2431
[  392706ms] [LOG] [Fast Refresh] done in 166ms @ http://localhost:3000/_next/static/chunks/node_modules_next_dist_115brz8._.js:2431
[  405744ms] [LOG] [Fast Refresh] rebuilding @ http://localhost:3000/_next/static/chunks/node_modules_next_dist_115brz8._.js:2431
[  428749ms] [LOG] [Fast Refresh] done in 10654ms @ http://localhost:3000/_next/static/chunks/node_modules_next_dist_115brz8._.js:2431
[  429235ms] [LOG] [Fast Refresh] rebuilding @ http://localhost:3000/_next/static/chunks/node_modules_next_dist_115brz8._.js:2431
[  429402ms] [LOG] [Fast Refresh] done in 268ms @ http://localhost:3000/_next/static/chunks/node_modules_next_dist_115brz8._.js:2431
[  429534ms] [LOG] [Fast Refresh] rebuilding @ http://localhost:3000/_next/static/chunks/node_modules_next_dist_115brz8._.js:2431
[  431797ms] [LOG] [Fast Refresh] done in 2364ms @ http://localhost:3000/_next/static/chunks/node_modules_next_dist_115brz8._.js:2431
[  434441ms] [LOG] [Fast Refresh] rebuilding @ http://localhost:3000/_next/static/chunks/node_modules_next_dist_115brz8._.js:2431
[  438291ms] [LOG] [Fast Refresh] done in 3951ms @ http://localhost:3000/_next/static/chunks/node_modules_next_dist_115brz8._.js:2431
[  440218ms] [ERROR] Failed to load resource: the server responded with a status of 500 (Internal Server Error) @ http://localhost:3000/pricing?_rsc=1se1f:0
[  444585ms] [LOG] [Fast Refresh] rebuilding @ http://localhost:3000/_next/static/chunks/node_modules_next_dist_115brz8._.js:2431
[  446590ms] [LOG] [Fast Refresh] done in 2107ms @ http://localhost:3000/_next/static/chunks/node_modules_next_dist_115brz8._.js:2431
[  446728ms] [LOG] [Fast Refresh] rebuilding @ http://localhost:3000/_next/static/chunks/node_modules_next_dist_115brz8._.js:2431
[  451062ms] [LOG] [Fast Refresh] done in 4435ms @ http://localhost:3000/_next/static/chunks/node_modules_next_dist_115brz8._.js:2431
[  454393ms] [ERROR] Failed to load resource: the server responded with a status of 500 (Internal Server Error) @ http://localhost:3000/pricing?_rsc=1se1f:0
[  454411ms] [ERROR] Failed to load resource: the server responded with a status of 500 (Internal Server Error) @ http://localhost:3000/pricing?_rsc=1se1f:0
[  454519ms] [ERROR] Failed to load resource: the server responded with a status of 500 (Internal Server Error) @ http://localhost:3000/pricing?_rsc=1se1f:0
[  454818ms] [ERROR] Failed to load resource: the server responded with a status of 500 (Internal Server Error) @ http://localhost:3000/pricing?_rsc=1se1f:0
[  455050ms] [ERROR] Failed to load resource: the server responded with a status of 500 (Internal Server Error) @ http://localhost:3000/pricing:0
[  461034ms] [INFO] %cDownload the React DevTools for a better development experience: https://react.dev/link/react-devtools font-weight:bold @ http://localhost:3000/_next/static/chunks/node_modules_react-dom_0bruynb._.js:15305
[  461664ms] Error: Cannot find module 'swiper/css/bundle'
    at <unknown> (file:///Users/mustafijur_rhaman/Sites/allsite/namecadre-nextjs/.next/dev/server/chunks/ssr/[root-of-the-server]__0.e.raa._.js:143:15)
    at module evaluation (file:///Users/mustafijur_rhaman/Sites/allsite/namecadre-nextjs/.next/dev/server/chunks/ssr/[root-of-the-server]__0.e.raa._.js:146:3)
    at <unknown> (file:///Users/mustafijur_rhaman/Sites/allsite/namecadre-nextjs/.next/dev/server/chunks/ssr/[turbopack]_runtime.js:1291:27)
    at runWithHooks (file:///Users/mustafijur_rhaman/Sites/allsite/namecadre-nextjs/.next/dev/server/chunks/ssr/[turbopack]_runtime.js:1554:9)
    at instantiateModuleShared (file:///Users/mustafijur_rhaman/Sites/allsite/namecadre-nextjs/.next/dev/server/chunks/ssr/[turbopack]_runtime.js:1289:9)
    at instantiateModule (file:///Users/mustafijur_rhaman/Sites/allsite/namecadre-nextjs/.next/dev/server/chunks/ssr/[turbopack]_runtime.js:1557:23)
    at getOrInstantiateModuleFromParent (file:///Users/mustafijur_rhaman/Sites/allsite/namecadre-nextjs/.next/dev/server/chunks/ssr/[turbopack]_runtime.js:1593:23)
    at Context.esmImport [as i] (file:///Users/mustafijur_rhaman/Sites/allsite/namecadre-nextjs/.next/dev/server/chunks/ssr/[turbopack]_runtime.js:281:20)
    at module evaluation (file:///Users/mustafijur_rhaman/Sites/allsite/namecadre-nextjs/.next/dev/server/chunks/ssr/[root-of-the-server]__0.e.raa._.js:200:47)
    at <unknown> (file:///Users/mustafijur_rhaman/Sites/allsite/namecadre-nextjs/.next/dev/server/chunks/ssr/[turbopack]_runtime.js:1291:27)
    at runWithHooks (file:///Users/mustafijur_rhaman/Sites/allsite/namecadre-nextjs/.next/dev/server/chunks/ssr/[turbopack]_runtime.js:1554:9)
    at instantiateModuleShared (file:///Users/mustafijur_rhaman/Sites/allsite/namecadre-nextjs/.next/dev/server/chunks/ssr/[turbopack]_runtime.js:1289:9)
    at instantiateModule (file:///Users/mustafijur_rhaman/Sites/allsite/namecadre-nextjs/.next/dev/server/chunks/ssr/[turbopack]_runtime.js:1557:23)
    at getOrInstantiateModuleFromParent (file:///Users/mustafijur_rhaman/Sites/allsite/namecadre-nextjs/.next/dev/server/chunks/ssr/[turbopack]_runtime.js:1593:23)
    at Context.commonJsRequire [as r] (file:///Users/mustafijur_rhaman/Sites/allsite/namecadre-nextjs/.next/dev/server/chunks/ssr/[turbopack]_runtime.js:302:12)
    at Array.__TURBOPACK__layout__$23$1__ (file:///Users/mustafijur_rhaman/Sites/allsite/namecadre-nextjs/.next/dev/server/chunks/ssr/node_modules_0wf1.qp._.js:4581:64)
    at createFlightRouterStateFromLoaderTreeImpl (file:///Users/mustafijur_rhaman/Sites/allsite/namecadre-nextjs/node_modules/next/dist/compiled/next-server/app-page-turbo.runtime.dev.js:62:7029)
    at createFlightRouterStateFromLoaderTree (file:///Users/mustafijur_rhaman/Sites/allsite/namecadre-nextjs/node_modules/next/dist/compiled/next-server/app-page-turbo.runtime.dev.js:62:8541)
    at getRSCPayload (file:///Users/mustafijur_rhaman/Sites/allsite/namecadre-nextjs/node_modules/next/dist/compiled/next-server/app-page-turbo.runtime.dev.js:69:41555)
    at AsyncLocalStorage.run (node:internal/async_local_storage/async_context_frame:63:14)
    at <unknown> (file:///Users/mustafijur_rhaman/Sites/allsite/namecadre-nextjs/node_modules/next/dist/compiled/next-server/app-page-turbo.runtime.dev.js:69:74029)
    at NoopContextManager.with (file:///Users/mustafijur_rhaman/Sites/allsite/namecadre-nextjs/node_modules/next/dist/compiled/@opentelemetry/api/index.js:1:7062)
    at ContextAPI.with (file:///Users/mustafijur_rhaman/Sites/allsite/namecadre-nextjs/node_modules/next/dist/compiled/@opentelemetry/api/index.js:1:518)
    at NextTracerImpl.withSpan (file:///Users/mustafijur_rhaman/Sites/allsite/namecadre-nextjs/node_modules/next/dist/server/lib/trace/tracer.js:272:28)
    at renderToStream (file:///Users/mustafijur_rhaman/Sites/allsite/namecadre-nextjs/node_modules/next/dist/compiled/next-server/app-page-turbo.runtime.dev.js:69:69062)
    at renderToHTMLOrFlightImpl (file:///Users/mustafijur_rhaman/Sites/allsite/namecadre-nextjs/node_modules/next/dist/compiled/next-server/app-page-turbo.runtime.dev.js:69:56901)
[  461895ms] [LOG] [HMR] connected @ http://localhost:3000/_next/static/chunks/node_modules_next_dist_0u_w_5s._.js:1226
