[     167ms] [LOG] [Fast Refresh] rebuilding @ http://localhost:3000/_next/static/chunks/node_modules_next_dist_0u_w_5s._.js:1226
[    1377ms] [LOG] [Fast Refresh] done in 1312ms @ http://localhost:3000/_next/static/chunks/node_modules_next_dist_0u_w_5s._.js:1226
[    1428ms] [ERROR] Failed to load resource: the server responded with a status of 500 (Internal Server Error) @ http://localhost:3000/pricing:0
[    1562ms] [INFO] %cDownload the React DevTools for a better development experience: https://react.dev/link/react-devtools font-weight:bold @ http://localhost:3000/_next/static/chunks/node_modules_react-dom_0bruynb._.js:15305
[    1586ms] Error: Cannot find module 'swiper/css/bundle'
    at <unknown> (file:///Users/mustafijur_rhaman/Sites/allsite/namecadre-nextjs/.next/dev/server/chunks/ssr/[root-of-the-server]__0.e.raa._.js:143:15)
    at module evaluation (file:///Users/mustafijur_rhaman/Sites/allsite/namecadre-nextjs/.next/dev/server/chunks/ssr/[root-of-the-server]__0.e.raa._.js:146:3)
    at <unknown> (file:///Users/mustafijur_rhaman/Sites/allsite/namecadre-nextjs/.next/dev/server/chunks/ssr/[turbopack]_runtime.js:1291:27)
    at runWithHooks (file:///Users/mustafijur_rhaman/Sites/allsite/namecadre-nextjs/.next/dev/server/chunks/ssr/[turbopack]_runtime.js:1554:9)
    at instantiateModuleShared (file:///Users/mustafijur_rhaman/Sites/allsite/namecadre-nextjs/.next/dev/server/chunks/ssr/[turbopack]_runtime.js:1289:9)
    at instantiateModule (file:///Users/mustafijur_rhaman/Sites/allsite/namecadre-nextjs/.next/dev/server/chunks/ssr/[turbopack]_runtime.js:1557:23)
    at getOrInstantiateModuleFromParent (file:///Users/mustafijur_rhaman/Sites/allsite/namecadre-nextjs/.next/dev/server/chunks/ssr/[turbopack]_runtime.js:1593:23)
    at Context.esmImport [as i] (file:///Users/mustafijur_rhaman/Sites/allsite/namecadre-nextjs/.next/dev/server/chunks/ssr/[turbopack]_runtime.js:281:20)
    at module evaluation (file:///Users/mustafijur_rhaman/Sites/allsite/namecadre-nextjs/.next/dev/server/chunks/ssr/[root-of-the-server]__0.e.raa._.js:200:47)
    at <unknown> (file:///Users/mustafijur_rhaman/Sites/allsite/namecadre-nextjs/.next/dev/server/chunks/ssr/[turbopack]_runtime.js:1291:27)
    at runWithHooks (file:///Users/mustafijur_rhaman/Sites/allsite/namecadre-nextjs/.next/dev/server/chunks/ssr/[turbopack]_runtime.js:1554:9)
    at instantiateModuleShared (file:///Users/mustafijur_rhaman/Sites/allsite/namecadre-nextjs/.next/dev/server/chunks/ssr/[turbopack]_runtime.js:1289:9)
    at instantiateModule (file:///Users/mustafijur_rhaman/Sites/allsite/namecadre-nextjs/.next/dev/server/chunks/ssr/[turbopack]_runtime.js:1557:23)
    at getOrInstantiateModuleFromParent (file:///Users/mustafijur_rhaman/Sites/allsite/namecadre-nextjs/.next/dev/server/chunks/ssr/[turbopack]_runtime.js:1593:23)
    at Context.commonJsRequire [as r] (file:///Users/mustafijur_rhaman/Sites/allsite/namecadre-nextjs/.next/dev/server/chunks/ssr/[turbopack]_runtime.js:302:12)
    at Array.__TURBOPACK__layout__$23$1__ (file:///Users/mustafijur_rhaman/Sites/allsite/namecadre-nextjs/.next/dev/server/chunks/ssr/node_modules_0wf1.qp._.js:4581:64)
    at createFlightRouterStateFromLoaderTreeImpl (file:///Users/mustafijur_rhaman/Sites/allsite/namecadre-nextjs/node_modules/next/dist/compiled/next-server/app-page-turbo.runtime.dev.js:62:7029)
    at createFlightRouterStateFromLoaderTree (file:///Users/mustafijur_rhaman/Sites/allsite/namecadre-nextjs/node_modules/next/dist/compiled/next-server/app-page-turbo.runtime.dev.js:62:8541)
    at getRSCPayload (file:///Users/mustafijur_rhaman/Sites/allsite/namecadre-nextjs/node_modules/next/dist/compiled/next-server/app-page-turbo.runtime.dev.js:69:41555)
    at AsyncLocalStorage.run (node:internal/async_local_storage/async_context_frame:63:14)
    at <unknown> (file:///Users/mustafijur_rhaman/Sites/allsite/namecadre-nextjs/node_modules/next/dist/compiled/next-server/app-page-turbo.runtime.dev.js:69:74029)
    at NoopContextManager.with (file:///Users/mustafijur_rhaman/Sites/allsite/namecadre-nextjs/node_modules/next/dist/compiled/@opentelemetry/api/index.js:1:7062)
    at ContextAPI.with (file:///Users/mustafijur_rhaman/Sites/allsite/namecadre-nextjs/node_modules/next/dist/compiled/@opentelemetry/api/index.js:1:518)
    at NextTracerImpl.withSpan (file:///Users/mustafijur_rhaman/Sites/allsite/namecadre-nextjs/node_modules/next/dist/server/lib/trace/tracer.js:272:28)
    at renderToStream (file:///Users/mustafijur_rhaman/Sites/allsite/namecadre-nextjs/node_modules/next/dist/compiled/next-server/app-page-turbo.runtime.dev.js:69:69062)
    at renderToHTMLOrFlightImpl (file:///Users/mustafijur_rhaman/Sites/allsite/namecadre-nextjs/node_modules/next/dist/compiled/next-server/app-page-turbo.runtime.dev.js:69:56901)
[    1595ms] [LOG] [HMR] connected @ http://localhost:3000/_next/static/chunks/node_modules_next_dist_0u_w_5s._.js:1226
[   11466ms] [ERROR] WebSocket connection to 'ws://localhost:3000/_next/webpack-hmr' failed: Error in connection establishment: net::ERR_CONNECTION_REFUSED @ http://localhost:3000/_next/static/chunks/node_modules_next_dist_client_0pe1dg-._.js:2342
[   12469ms] [ERROR] WebSocket connection to 'ws://localhost:3000/_next/webpack-hmr' failed: Error in connection establishment: net::ERR_CONNECTION_REFUSED @ http://localhost:3000/_next/static/chunks/node_modules_next_dist_client_0pe1dg-._.js:2342
[   17277ms] [LOG] [HMR] connected @ http://localhost:3000/_next/static/chunks/node_modules_next_dist_0u_w_5s._.js:1226
[   34993ms] [ERROR] Failed to load resource: the server responded with a status of 500 (Internal Server Error) @ http://localhost:3000/pricing:0
[   35556ms] [INFO] %cDownload the React DevTools for a better development experience: https://react.dev/link/react-devtools font-weight:bold @ http://localhost:3000/_next/static/chunks/node_modules_react-dom_0bruynb._.js:15305
[   35578ms] Error: Cannot find module 'swiper/swiper-bundle.css'
    at <unknown> (file:///Users/mustafijur_rhaman/Sites/allsite/namecadre-nextjs/.next/dev/server/chunks/ssr/[root-of-the-server]__0.e.raa._.js:143:15)
    at module evaluation (file:///Users/mustafijur_rhaman/Sites/allsite/namecadre-nextjs/.next/dev/server/chunks/ssr/[root-of-the-server]__0.e.raa._.js:146:3)
    at <unknown> (file:///Users/mustafijur_rhaman/Sites/allsite/namecadre-nextjs/.next/dev/server/chunks/ssr/[turbopack]_runtime.js:1291:27)
    at runWithHooks (file:///Users/mustafijur_rhaman/Sites/allsite/namecadre-nextjs/.next/dev/server/chunks/ssr/[turbopack]_runtime.js:1554:9)
    at instantiateModuleShared (file:///Users/mustafijur_rhaman/Sites/allsite/namecadre-nextjs/.next/dev/server/chunks/ssr/[turbopack]_runtime.js:1289:9)
    at instantiateModule (file:///Users/mustafijur_rhaman/Sites/allsite/namecadre-nextjs/.next/dev/server/chunks/ssr/[turbopack]_runtime.js:1557:23)
    at getOrInstantiateModuleFromParent (file:///Users/mustafijur_rhaman/Sites/allsite/namecadre-nextjs/.next/dev/server/chunks/ssr/[turbopack]_runtime.js:1593:23)
    at Context.esmImport [as i] (file:///Users/mustafijur_rhaman/Sites/allsite/namecadre-nextjs/.next/dev/server/chunks/ssr/[turbopack]_runtime.js:281:20)
    at module evaluation (file:///Users/mustafijur_rhaman/Sites/allsite/namecadre-nextjs/.next/dev/server/chunks/ssr/[root-of-the-server]__0.e.raa._.js:200:47)
    at <unknown> (file:///Users/mustafijur_rhaman/Sites/allsite/namecadre-nextjs/.next/dev/server/chunks/ssr/[turbopack]_runtime.js:1291:27)
    at runWithHooks (file:///Users/mustafijur_rhaman/Sites/allsite/namecadre-nextjs/.next/dev/server/chunks/ssr/[turbopack]_runtime.js:1554:9)
    at instantiateModuleShared (file:///Users/mustafijur_rhaman/Sites/allsite/namecadre-nextjs/.next/dev/server/chunks/ssr/[turbopack]_runtime.js:1289:9)
    at instantiateModule (file:///Users/mustafijur_rhaman/Sites/allsite/namecadre-nextjs/.next/dev/server/chunks/ssr/[turbopack]_runtime.js:1557:23)
    at getOrInstantiateModuleFromParent (file:///Users/mustafijur_rhaman/Sites/allsite/namecadre-nextjs/.next/dev/server/chunks/ssr/[turbopack]_runtime.js:1593:23)
    at Context.commonJsRequire [as r] (file:///Users/mustafijur_rhaman/Sites/allsite/namecadre-nextjs/.next/dev/server/chunks/ssr/[turbopack]_runtime.js:302:12)
    at Array.__TURBOPACK__layout__$23$1__ (file:///Users/mustafijur_rhaman/Sites/allsite/namecadre-nextjs/.next/dev/server/chunks/ssr/node_modules_0ynw3wy._.js:4581:64)
    at createFlightRouterStateFromLoaderTreeImpl (file:///Users/mustafijur_rhaman/Sites/allsite/namecadre-nextjs/node_modules/next/dist/compiled/next-server/app-page-turbo.runtime.dev.js:62:7029)
    at createFlightRouterStateFromLoaderTree (file:///Users/mustafijur_rhaman/Sites/allsite/namecadre-nextjs/node_modules/next/dist/compiled/next-server/app-page-turbo.runtime.dev.js:62:8541)
    at getRSCPayload (file:///Users/mustafijur_rhaman/Sites/allsite/namecadre-nextjs/node_modules/next/dist/compiled/next-server/app-page-turbo.runtime.dev.js:69:41555)
    at AsyncLocalStorage.run (node:internal/async_local_storage/async_context_frame:63:14)
    at <unknown> (file:///Users/mustafijur_rhaman/Sites/allsite/namecadre-nextjs/node_modules/next/dist/compiled/next-server/app-page-turbo.runtime.dev.js:69:74029)
    at NoopContextManager.with (file:///Users/mustafijur_rhaman/Sites/allsite/namecadre-nextjs/node_modules/next/dist/compiled/@opentelemetry/api/index.js:1:7062)
    at ContextAPI.with (file:///Users/mustafijur_rhaman/Sites/allsite/namecadre-nextjs/node_modules/next/dist/compiled/@opentelemetry/api/index.js:1:518)
    at NextTracerImpl.withSpan (file:///Users/mustafijur_rhaman/Sites/allsite/namecadre-nextjs/node_modules/next/dist/server/lib/trace/tracer.js:272:28)
    at renderToStream (file:///Users/mustafijur_rhaman/Sites/allsite/namecadre-nextjs/node_modules/next/dist/compiled/next-server/app-page-turbo.runtime.dev.js:69:69062)
    at renderToHTMLOrFlightImpl (file:///Users/mustafijur_rhaman/Sites/allsite/namecadre-nextjs/node_modules/next/dist/compiled/next-server/app-page-turbo.runtime.dev.js:69:56901)
[   35892ms] [LOG] [HMR] connected @ http://localhost:3000/_next/static/chunks/node_modules_next_dist_0u_w_5s._.js:1226
[ 1136529ms] [LOG] [Fast Refresh] rebuilding @ http://localhost:3000/_next/static/chunks/node_modules_next_dist_0u_w_5s._.js:1226
[ 1140508ms] [LOG] [Fast Refresh] done in 4084ms @ http://localhost:3000/_next/static/chunks/node_modules_next_dist_0u_w_5s._.js:1226
[ 1267922ms] [LOG] [Fast Refresh] rebuilding @ http://localhost:3000/_next/static/chunks/node_modules_next_dist_0u_w_5s._.js:1226
[ 1270538ms] [LOG] [Fast Refresh] done in 2716ms @ http://localhost:3000/_next/static/chunks/node_modules_next_dist_0u_w_5s._.js:1226
[ 1293733ms] [ERROR] WebSocket connection to 'ws://localhost:3000/_next/webpack-hmr' failed: Error in connection establishment: net::ERR_CONNECTION_REFUSED @ http://localhost:3000/_next/static/chunks/node_modules_next_dist_client_0pe1dg-._.js:2342
[ 1294739ms] [ERROR] WebSocket connection to 'ws://localhost:3000/_next/webpack-hmr' failed: Error in connection establishment: net::ERR_CONNECTION_REFUSED @ http://localhost:3000/_next/static/chunks/node_modules_next_dist_client_0pe1dg-._.js:2342
[ 1295745ms] [ERROR] WebSocket connection to 'ws://localhost:3000/_next/webpack-hmr' failed: Error in connection establishment: net::ERR_CONNECTION_REFUSED @ http://localhost:3000/_next/static/chunks/node_modules_next_dist_client_0pe1dg-._.js:2342
[ 1296747ms] [ERROR] WebSocket connection to 'ws://localhost:3000/_next/webpack-hmr' failed: Error in connection establishment: net::ERR_CONNECTION_REFUSED @ http://localhost:3000/_next/static/chunks/node_modules_next_dist_client_0pe1dg-._.js:2342
[ 1297751ms] [ERROR] WebSocket connection to 'ws://localhost:3000/_next/webpack-hmr' failed: Error in connection establishment: net::ERR_CONNECTION_REFUSED @ http://localhost:3000/_next/static/chunks/node_modules_next_dist_client_0pe1dg-._.js:2342
[ 1304027ms] [LOG] [HMR] connected @ http://localhost:3000/_next/static/chunks/node_modules_next_dist_0u_w_5s._.js:1226
[ 1321166ms] [ERROR] Failed to load resource: the server responded with a status of 500 (Internal Server Error) @ http://localhost:3000/pricing:0
[ 1322602ms] [INFO] %cDownload the React DevTools for a better development experience: https://react.dev/link/react-devtools font-weight:bold @ http://localhost:3000/_next/static/chunks/node_modules_react-dom_0bruynb._.js:15305
[ 1322692ms] Error: Cannot find module 'swiper/css/bundle'
    at <unknown> (file:///Users/mustafijur_rhaman/Sites/allsite/namecadre-nextjs/.next/dev/server/chunks/ssr/[root-of-the-server]__0.e.raa._.js:143:15)
    at module evaluation (file:///Users/mustafijur_rhaman/Sites/allsite/namecadre-nextjs/.next/dev/server/chunks/ssr/[root-of-the-server]__0.e.raa._.js:146:3)
    at <unknown> (file:///Users/mustafijur_rhaman/Sites/allsite/namecadre-nextjs/.next/dev/server/chunks/ssr/[turbopack]_runtime.js:1291:27)
    at runWithHooks (file:///Users/mustafijur_rhaman/Sites/allsite/namecadre-nextjs/.next/dev/server/chunks/ssr/[turbopack]_runtime.js:1554:9)
    at instantiateModuleShared (file:///Users/mustafijur_rhaman/Sites/allsite/namecadre-nextjs/.next/dev/server/chunks/ssr/[turbopack]_runtime.js:1289:9)
    at instantiateModule (file:///Users/mustafijur_rhaman/Sites/allsite/namecadre-nextjs/.next/dev/server/chunks/ssr/[turbopack]_runtime.js:1557:23)
    at getOrInstantiateModuleFromParent (file:///Users/mustafijur_rhaman/Sites/allsite/namecadre-nextjs/.next/dev/server/chunks/ssr/[turbopack]_runtime.js:1593:23)
    at Context.esmImport [as i] (file:///Users/mustafijur_rhaman/Sites/allsite/namecadre-nextjs/.next/dev/server/chunks/ssr/[turbopack]_runtime.js:281:20)
    at module evaluation (file:///Users/mustafijur_rhaman/Sites/allsite/namecadre-nextjs/.next/dev/server/chunks/ssr/[root-of-the-server]__0.e.raa._.js:200:47)
    at <unknown> (file:///Users/mustafijur_rhaman/Sites/allsite/namecadre-nextjs/.next/dev/server/chunks/ssr/[turbopack]_runtime.js:1291:27)
    at runWithHooks (file:///Users/mustafijur_rhaman/Sites/allsite/namecadre-nextjs/.next/dev/server/chunks/ssr/[turbopack]_runtime.js:1554:9)
    at instantiateModuleShared (file:///Users/mustafijur_rhaman/Sites/allsite/namecadre-nextjs/.next/dev/server/chunks/ssr/[turbopack]_runtime.js:1289:9)
    at instantiateModule (file:///Users/mustafijur_rhaman/Sites/allsite/namecadre-nextjs/.next/dev/server/chunks/ssr/[turbopack]_runtime.js:1557:23)
    at getOrInstantiateModuleFromParent (file:///Users/mustafijur_rhaman/Sites/allsite/namecadre-nextjs/.next/dev/server/chunks/ssr/[turbopack]_runtime.js:1593:23)
    at Context.commonJsRequire [as r] (file:///Users/mustafijur_rhaman/Sites/allsite/namecadre-nextjs/.next/dev/server/chunks/ssr/[turbopack]_runtime.js:302:12)
    at Array.__TURBOPACK__layout__$23$1__ (file:///Users/mustafijur_rhaman/Sites/allsite/namecadre-nextjs/.next/dev/server/chunks/ssr/node_modules_0wf1.qp._.js:4581:64)
    at createFlightRouterStateFromLoaderTreeImpl (file:///Users/mustafijur_rhaman/Sites/allsite/namecadre-nextjs/node_modules/next/dist/compiled/next-server/app-page-turbo.runtime.dev.js:62:7029)
    at createFlightRouterStateFromLoaderTree (file:///Users/mustafijur_rhaman/Sites/allsite/namecadre-nextjs/node_modules/next/dist/compiled/next-server/app-page-turbo.runtime.dev.js:62:8541)
    at getRSCPayload (file:///Users/mustafijur_rhaman/Sites/allsite/namecadre-nextjs/node_modules/next/dist/compiled/next-server/app-page-turbo.runtime.dev.js:69:41555)
    at AsyncLocalStorage.run (node:internal/async_local_storage/async_context_frame:63:14)
    at <unknown> (file:///Users/mustafijur_rhaman/Sites/allsite/namecadre-nextjs/node_modules/next/dist/compiled/next-server/app-page-turbo.runtime.dev.js:69:74029)
    at NoopContextManager.with (file:///Users/mustafijur_rhaman/Sites/allsite/namecadre-nextjs/node_modules/next/dist/compiled/@opentelemetry/api/index.js:1:7062)
    at ContextAPI.with (file:///Users/mustafijur_rhaman/Sites/allsite/namecadre-nextjs/node_modules/next/dist/compiled/@opentelemetry/api/index.js:1:518)
    at NextTracerImpl.withSpan (file:///Users/mustafijur_rhaman/Sites/allsite/namecadre-nextjs/node_modules/next/dist/server/lib/trace/tracer.js:272:28)
    at renderToStream (file:///Users/mustafijur_rhaman/Sites/allsite/namecadre-nextjs/node_modules/next/dist/compiled/next-server/app-page-turbo.runtime.dev.js:69:69062)
    at renderToHTMLOrFlightImpl (file:///Users/mustafijur_rhaman/Sites/allsite/namecadre-nextjs/node_modules/next/dist/compiled/next-server/app-page-turbo.runtime.dev.js:69:56901)
[ 1323620ms] [LOG] [HMR] connected @ http://localhost:3000/_next/static/chunks/node_modules_next_dist_0u_w_5s._.js:1226
[ 1326346ms] [LOG] [Fast Refresh] rebuilding @ http://localhost:3000/_next/static/chunks/node_modules_next_dist_0u_w_5s._.js:1226
[ 1326507ms] [LOG] [Fast Refresh] done in 263ms @ http://localhost:3000/_next/static/chunks/node_modules_next_dist_0u_w_5s._.js:1226
[ 1488144ms] [ERROR] WebSocket connection to 'ws://localhost:3000/_next/webpack-hmr' failed: Error in connection establishment: net::ERR_CONNECTION_REFUSED @ http://localhost:3000/_next/static/chunks/node_modules_next_dist_client_0pe1dg-._.js:2342
[ 1490842ms] [ERROR] WebSocket connection to 'ws://localhost:3000/_next/webpack-hmr' failed: Connection closed before receiving a handshake response @ http://localhost:3000/_next/static/chunks/node_modules_next_dist_client_0pe1dg-._.js:2342
[ 1491845ms] [ERROR] WebSocket connection to 'ws://localhost:3000/_next/webpack-hmr' failed: Error in connection establishment: net::ERR_CONNECTION_REFUSED @ http://localhost:3000/_next/static/chunks/node_modules_next_dist_client_0pe1dg-._.js:2342
[ 1492848ms] [ERROR] WebSocket connection to 'ws://localhost:3000/_next/webpack-hmr' failed: Error in connection establishment: net::ERR_CONNECTION_REFUSED @ http://localhost:3000/_next/static/chunks/node_modules_next_dist_client_0pe1dg-._.js:2342
[ 1493852ms] [ERROR] WebSocket connection to 'ws://localhost:3000/_next/webpack-hmr' failed: Error in connection establishment: net::ERR_CONNECTION_REFUSED @ http://localhost:3000/_next/static/chunks/node_modules_next_dist_client_0pe1dg-._.js:2342
[ 1498867ms] [LOG] [HMR] connected @ http://localhost:3000/_next/static/chunks/node_modules_next_dist_0u_w_5s._.js:1226
[ 1543186ms] [INFO] %cDownload the React DevTools for a better development experience: https://react.dev/link/react-devtools font-weight:bold @ http://localhost:3000/_next/static/chunks/08r1_next_dist_0vbcgnw._.js:2431
[ 1544556ms] [LOG] [HMR] connected @ http://localhost:3000/_next/static/chunks/08r1_next_dist_0vbcgnw._.js:2431
[ 1545196ms] [LOG] [Fast Refresh] rebuilding @ http://localhost:3000/_next/static/chunks/08r1_next_dist_0vbcgnw._.js:2431
[ 1545668ms] [LOG] [Fast Refresh] done in 712ms @ http://localhost:3000/_next/static/chunks/08r1_next_dist_0vbcgnw._.js:2431
[ 1546210ms] [LOG] [Fast Refresh] rebuilding @ http://localhost:3000/_next/static/chunks/08r1_next_dist_0vbcgnw._.js:2431
[ 1549572ms] [LOG] [Fast Refresh] done in 3751ms @ http://localhost:3000/_next/static/chunks/08r1_next_dist_0vbcgnw._.js:2431
