[    2833ms] [LOG] Running frontend commit e480a3255b49317578fa74a7c167594cdb06754c @ https://www.figma.com/design/oyfn97lE5yGHvbY88r08pT/namcadre-redesign?node-id=365-2956&m=dev:588
[   14967ms] [WARNING] Statsig is not ready to log exposures, will retry in 1 seconds @ https://www.figma.com/webpack-artifacts/assets/vendor-core-34edd2c749031eb9.min.js.br:53
[   16767ms] [WARNING] Statsig is not ready to log exposures, will retry in 1 seconds @ https://www.figma.com/webpack-artifacts/assets/vendor-core-34edd2c749031eb9.min.js.br:53
[   16836ms] [LOG] [import] git: e480a3255b49317578fa74a7c167594cdb06754c, stamp: B786401B41223BDC @ https://www.figma.com/webpack-artifacts/assets/vendor-core-34edd2c749031eb9.min.js.br:53
[   16848ms] [LOG] Loaded 192 scripts (10630724b), 75 from cache (2098157b) @ https://www.figma.com/webpack-artifacts/assets/vendor-core-34edd2c749031eb9.min.js.br:53
[   17449ms] [INFO] [Fullscreen] Booting... (emscripten version 4.0.21) @ https://www.figma.com/webpack-artifacts/assets/vendor-core-34edd2c749031eb9.min.js.br:53
[   17891ms] [INFO] [GPU] graphicsAPI:"WebGL 2", vendor:"Google Inc. (Intel Inc.)", renderer:"ANGLE (Intel Inc., Intel(R) HD Graphics 6000, OpenGL 4.1)" version:"OpenGL ES 3.0 (WebGL 2.0 (OpenGL ES 3.0 Chromium))" @ https://www.figma.com/webpack-artifacts/assets/vendor-core-34edd2c749031eb9.min.js.br:53
[   17905ms] [LOG] [Fullscreen] Ready in 1633.0ms @ https://www.figma.com/webpack-artifacts/assets/vendor-core-34edd2c749031eb9.min.js.br:53
[   18584ms] [INFO] [FullscreenApp] calling setEditorTheme and setting preference light @ https://www.figma.com/webpack-artifacts/assets/vendor-core-34edd2c749031eb9.min.js.br:53
[   18739ms] [INFO] [MultiplayerSession] connecting to wss://www.figma.com/api/multiplayer/oyfn97lE5yGHvbY88r08pT?role=editor&tracking_session_id=QesvTjkv43rl6aGY&version=151&recentReload=0&file-load-streaming-compression&scenegraph-queries-initial-nodes=365:2956&client_release=e480a3255b49317578fa74a7c167594cdb06754c @ https://www.figma.com/webpack-artifacts/assets/vendor-core-34edd2c749031eb9.min.js.br:53
[   18756ms] [INFO] [FullscreenApp] calling setEditorTheme and setting preference light @ https://www.figma.com/webpack-artifacts/assets/vendor-core-34edd2c749031eb9.min.js.br:53
[   18938ms] [ERROR] Failed to load resource: the server responded with a status of 401 () @ https://www.figma.com/api/statsig/v1_ruleset:0
[   18942ms] [ERROR] Failed to fetch v1 ruleset: T: XHR for "/api/statsig/v1_ruleset" failed with status 401
    at N (https://www.figma.com/webpack-artifacts/assets/4782-de54a2c719369b5b.min.js.br:1403:11227)
    at async Object.R [as get] (https://www.figma.com/webpack-artifacts/assets/4782-de54a2c719369b5b.min.js.br:1403:11610)
    at async https://www.figma.com/webpack-artifacts/assets/4782-de54a2c719369b5b.min.js.br:1098:213036
    at async g.validate (https://www.figma.com/webpack-artifacts/assets/4782-de54a2c719369b5b.min.js.br:1383:5960)
    at async b (https://www.figma.com/webpack-artifacts/assets/4782-de54a2c719369b5b.min.js.br:1364:197450)
    at async A (https://www.figma.com/webpack-artifacts/assets/4782-de54a2c719369b5b.min.js.br:1364:196654)
    at async Object.write (https://www.figma.com/webpack-artifacts/assets/4782-de54a2c719369b5b.min.js.br:1364:196273) @ https://www.figma.com/webpack-artifacts/assets/vendor-core-34edd2c749031eb9.min.js.br:53
[   19625ms] [INFO] [FullscreenApp] calling setEditorTheme and setting preference light @ https://www.figma.com/webpack-artifacts/assets/vendor-core-34edd2c749031eb9.min.js.br:53
[   26422ms] [ERROR] Attestation check for Attribution Reporting on https://www.facebook.com failed. @ https://www.figma.com/design/oyfn97lE5yGHvbY88r08pT/namcadre-redesign:0
[   26604ms] [INFO] [MultiplayerSession] Joining file version 106 (initial load) @ https://www.figma.com/webpack-artifacts/assets/vendor-core-34edd2c749031eb9.min.js.br:53
[   34969ms] [WARNING] Canvas2D: Multiple readback operations using getImageData are faster with the willReadFrequently attribute set to true. See: https://html.spec.whatwg.org/multipage/canvas.html#concept-canvas-will-read-frequently @ https://static.figma.com/fullscreen/1aed30b7b214ad3bbe2a6e0ff433f72e899d6039/fullscreen-wasm/compiled_wasm.js.br:1
[   35034ms] [WARNING] Canvas2D: Multiple readback operations using getImageData are faster with the willReadFrequently attribute set to true. See: https://html.spec.whatwg.org/multipage/canvas.html#concept-canvas-will-read-frequently @ https://static.figma.com/fullscreen/1aed30b7b214ad3bbe2a6e0ff433f72e899d6039/fullscreen-wasm/compiled_wasm.js.br:1
[   35104ms] [INFO] afterJoinEnd PageSyncing: Loaded incrementally {loaded_pages: 0:1} @ https://www.figma.com/webpack-artifacts/assets/vendor-core-34edd2c749031eb9.min.js.br:53
[   41033ms] [LOG] [Fullscreen] loadtime=35.05s maxmem=51936536 @ https://www.figma.com/webpack-artifacts/assets/vendor-core-34edd2c749031eb9.min.js.br:53
[   41610ms] [ERROR] Failed to load resource: the server responded with a status of 401 () @ https://www.figma.com/api/folders/165363207:0
[   42815ms] T: XHR for "/api/folders/165363207" failed with status 401
    at N (https://www.figma.com/webpack-artifacts/assets/4782-de54a2c719369b5b.min.js.br:1403:11227)
    at async Object.R [as get] (https://www.figma.com/webpack-artifacts/assets/4782-de54a2c719369b5b.min.js.br:1403:11610)
    at async https://www.figma.com/webpack-artifacts/assets/4782-de54a2c719369b5b.min.js.br:1098:156084
    at async g.validate (https://www.figma.com/webpack-artifacts/assets/4782-de54a2c719369b5b.min.js.br:1383:5960)
    at async h.fetchObject (https://www.figma.com/webpack-artifacts/assets/4782-de54a2c719369b5b.min.js.br:349:160004)
    at async f (https://www.figma.com/webpack-artifacts/assets/4782-de54a2c719369b5b.min.js.br:349:140308)
[   43856ms] [WARNING] [GSI_LOGGER]: Your client application uses one of the Google One Tap prompt UI status methods that may stop functioning when FedCM becomes mandatory. Refer to the migration guide to update your code accordingly and opt-in to FedCM to test your changes. Learn more: https://developers.google.com/identity/gsi/web/guides/fedcm-migration?s=dc#display_moment and https://developers.google.com/identity/gsi/web/guides/fedcm-migration?s=dc#skipped_moment @ https://www.figma.com/webpack-artifacts/assets/vendor-core-34edd2c749031eb9.min.js.br:53
[   43887ms] [ERROR] Not signed in with the identity provider. @ https://www.figma.com/design/oyfn97lE5yGHvbY88r08pT/namcadre-redesign?node-id=365-2956:0
[   44090ms] [ERROR] [GSI_LOGGER]: FedCM get() rejects with NetworkError: Error retrieving a token. @ https://www.figma.com/webpack-artifacts/assets/vendor-core-34edd2c749031eb9.min.js.br:53
[ 3073128ms] [INFO] [MultiplayerSession] connecting to wss://www.figma.com/api/multiplayer/oyfn97lE5yGHvbY88r08pT?role=editor&tracking_session_id=QesvTjkv43rl6aGY&version=151&recentReload=0&file-load-streaming-compression=&scenegraph-queries-initial-nodes=0%3A1&client_release=e480a3255b49317578fa74a7c167594cdb06754c&reconnect-key=c1561346c2e96812eb23125d41e22c3a2890cf87&reconnect-sequence-number=1700&initialFileVersion=106&previousLoadMode=incremental&incremental-loading-validation=0 @ https://www.figma.com/webpack-artifacts/assets/vendor-core-34edd2c749031eb9.min.js.br:53
[ 3074920ms] [INFO] [MultiplayerSession] Joining file version 106 (skip_reload reconnect) @ https://www.figma.com/webpack-artifacts/assets/vendor-core-34edd2c749031eb9.min.js.br:53
[ 3074939ms] [INFO] afterJoinEnd PageSyncing: Loaded incrementally {loaded_pages: 0:1} @ https://www.figma.com/webpack-artifacts/assets/vendor-core-34edd2c749031eb9.min.js.br:53
[ 3703769ms] [LOG] [Livegraph] Connection closed. Code: 4001, reason: connection_lifetime @ https://www.figma.com/webpack-artifacts/assets/vendor-core-34edd2c749031eb9.min.js.br:53
[ 6788289ms] [INFO] [MultiplayerSession] connecting to wss://www.figma.com/api/multiplayer/oyfn97lE5yGHvbY88r08pT?role=editor&tracking_session_id=QesvTjkv43rl6aGY&version=151&recentReload=0&file-load-streaming-compression=&scenegraph-queries-initial-nodes=0%3A1&client_release=e480a3255b49317578fa74a7c167594cdb06754c&reconnect-key=c1561346c2e96812eb23125d41e22c3a2890cf87&reconnect-sequence-number=1700&initialFileVersion=106&previousLoadMode=incremental&incremental-loading-validation=0 @ https://www.figma.com/webpack-artifacts/assets/vendor-core-34edd2c749031eb9.min.js.br:53
[ 6789897ms] [INFO] [MultiplayerSession] Joining file version 106 (skip_reload reconnect) @ https://www.figma.com/webpack-artifacts/assets/vendor-core-34edd2c749031eb9.min.js.br:53
[ 6789902ms] [INFO] afterJoinEnd PageSyncing: Loaded incrementally {loaded_pages: 0:1} @ https://www.figma.com/webpack-artifacts/assets/vendor-core-34edd2c749031eb9.min.js.br:53
[ 7071852ms] [INFO] [MultiplayerSession] connecting to wss://www.figma.com/api/multiplayer/oyfn97lE5yGHvbY88r08pT?role=editor&tracking_session_id=QesvTjkv43rl6aGY&version=151&recentReload=0&file-load-streaming-compression=&scenegraph-queries-initial-nodes=0%3A1&client_release=e480a3255b49317578fa74a7c167594cdb06754c&reconnect-key=c1561346c2e96812eb23125d41e22c3a2890cf87&reconnect-sequence-number=1700&initialFileVersion=106&previousLoadMode=incremental&incremental-loading-validation=0 @ https://www.figma.com/webpack-artifacts/assets/vendor-core-34edd2c749031eb9.min.js.br:53
[ 7074358ms] [INFO] [MultiplayerSession] Joining file version 106 (skip_reload reconnect) @ https://www.figma.com/webpack-artifacts/assets/vendor-core-34edd2c749031eb9.min.js.br:53
[ 7074362ms] [INFO] afterJoinEnd PageSyncing: Loaded incrementally {loaded_pages: 0:1} @ https://www.figma.com/webpack-artifacts/assets/vendor-core-34edd2c749031eb9.min.js.br:53
[ 7203355ms] [INFO] [MultiplayerSession] connecting to wss://www.figma.com/api/multiplayer/oyfn97lE5yGHvbY88r08pT?role=editor&tracking_session_id=QesvTjkv43rl6aGY&version=151&recentReload=0&file-load-streaming-compression=&scenegraph-queries-initial-nodes=0%3A1&client_release=e480a3255b49317578fa74a7c167594cdb06754c&reconnect-key=c1561346c2e96812eb23125d41e22c3a2890cf87&reconnect-sequence-number=1700&initialFileVersion=106&previousLoadMode=incremental&incremental-loading-validation=0 @ https://www.figma.com/webpack-artifacts/assets/vendor-core-34edd2c749031eb9.min.js.br:53
[ 7205091ms] [INFO] [MultiplayerSession] Joining file version 106 (skip_reload reconnect) @ https://www.figma.com/webpack-artifacts/assets/vendor-core-34edd2c749031eb9.min.js.br:53
[ 7205095ms] [INFO] afterJoinEnd PageSyncing: Loaded incrementally {loaded_pages: 0:1} @ https://www.figma.com/webpack-artifacts/assets/vendor-core-34edd2c749031eb9.min.js.br:53
[ 7426993ms] [LOG] [Livegraph] Connection closed. Code: 4001, reason: connection_lifetime @ https://www.figma.com/webpack-artifacts/assets/vendor-core-34edd2c749031eb9.min.js.br:53
