[    1111ms] [INFO] %cDownload the React DevTools for a better development experience: https://react.dev/link/react-devtools font-weight:bold @ http://localhost:3000/_next/static/chunks/node_modules_next_dist_115brz8._.js:2431
[    1182ms] [LOG] [HMR] connected @ http://localhost:3000/_next/static/chunks/node_modules_next_dist_115brz8._.js:2431
[    1458ms] [LOG] [Fast Refresh] rebuilding @ http://localhost:3000/_next/static/chunks/node_modules_next_dist_115brz8._.js:2431
[    3684ms] [LOG] [Fast Refresh] done in 2352ms @ http://localhost:3000/_next/static/chunks/node_modules_next_dist_115brz8._.js:2431
[  269272ms] [LOG] [Fast Refresh] rebuilding @ http://localhost:3000/_next/static/chunks/node_modules_next_dist_115brz8._.js:2431
[  270045ms] [LOG] [Fast Refresh] done in 874ms @ http://localhost:3000/_next/static/chunks/node_modules_next_dist_115brz8._.js:2431
[  296815ms] [LOG] [Fast Refresh] rebuilding @ http://localhost:3000/_next/static/chunks/node_modules_next_dist_115brz8._.js:2431
[  300165ms] [ERROR] ./app/page.tsx:2:1
Module not found: Can't resolve '@/components/hostvibe/header'
  1 | import HostvibeFooter from "@/components/hostvibe/footer";
> 2 | import HostvibeHeader from "@/components/hostvibe/header";
    | ^^^^^^^^^^^^^^^^^^^^^^^^^^^^^^^^^^^^^^^^^^^^^^^^^^^^^^^^^^
  3 | import HostvibeHero from "@/components/hostvibe/hero";
  4 | import HostvibeHostingCarousel from "@/components/hostvibe/hosting-caro...
  5 | import HostvibePricingSection from "@/components/hostvibe/pricing-secti...

Import map: aliased to relative './components/hostvibe/header' inside of [project]/

https://nextjs.org/docs/messages/module-not-found @ http://localhost:3000/_next/static/chunks/node_modules_next_dist_115brz8._.js:3272
[  300216ms] [ERROR] Failed to load resource: the server responded with a status of 500 (Internal Server Error) @ http://localhost:3000/?_rsc=wnywt:0
[  300321ms] [LOG] [Fast Refresh] rebuilding @ http://localhost:3000/_next/static/chunks/node_modules_next_dist_115brz8._.js:2431
[  300340ms] [ERROR] ./app/page.tsx:2:1
Module not found: Can't resolve '@/components/hostvibe/header'
  1 | import HostvibeFooter from "@/components/hostvibe/footer";
> 2 | import HostvibeHeader from "@/components/hostvibe/header";
    | ^^^^^^^^^^^^^^^^^^^^^^^^^^^^^^^^^^^^^^^^^^^^^^^^^^^^^^^^^^
  3 | import HostvibeHero from "@/components/hostvibe/hero";
  4 | import HostvibeHostingCarousel from "@/components/hostvibe/hosting-caro...
  5 | import HostvibePricingSection from "@/components/hostvibe/pricing-secti...

Import map: aliased to relative './components/hostvibe/header' inside of [project]/

https://nextjs.org/docs/messages/module-not-found @ http://localhost:3000/_next/static/chunks/node_modules_next_dist_115brz8._.js:3272
[  300353ms] [ERROR] Failed to load resource: the server responded with a status of 500 (Internal Server Error) @ http://localhost:3000/?_rsc=wnywt:0
[  300444ms] [ERROR] ./app/page.tsx:2:1
Module not found: Can't resolve '@/components/hostvibe/header'
  1 | import HostvibeFooter from "@/components/hostvibe/footer";
> 2 | import HostvibeHeader from "@/components/hostvibe/header";
    | ^^^^^^^^^^^^^^^^^^^^^^^^^^^^^^^^^^^^^^^^^^^^^^^^^^^^^^^^^^
  3 | import HostvibeHero from "@/components/hostvibe/hero";
  4 | import HostvibeHostingCarousel from "@/components/hostvibe/hosting-caro...
  5 | import HostvibePricingSection from "@/components/hostvibe/pricing-secti...

Import map: aliased to relative './components/hostvibe/header' inside of [project]/

https://nextjs.org/docs/messages/module-not-found @ http://localhost:3000/_next/static/chunks/node_modules_next_dist_115brz8._.js:3272
[  300452ms] [ERROR] Failed to load resource: the server responded with a status of 500 (Internal Server Error) @ http://localhost:3000/?_rsc=wnywt:0
[  300464ms] [ERROR] Failed to load resource: the server responded with a status of 500 (Internal Server Error) @ http://localhost:3000/:0
[  300750ms] [INFO] %cDownload the React DevTools for a better development experience: https://react.dev/link/react-devtools font-weight:bold @ http://localhost:3000/_next/static/chunks/node_modules_react-dom_0bruynb._.js:15305
[  300930ms] Error: ./app/page.tsx:2:1
Module not found: Can't resolve '@/components/hostvibe/header'
  1 | import HostvibeFooter from "@/components/hostvibe/footer";
> 2 | import HostvibeHeader from "@/components/hostvibe/header";
    | ^^^^^^^^^^^^^^^^^^^^^^^^^^^^^^^^^^^^^^^^^^^^^^^^^^^^^^^^^^
  3 | import HostvibeHero from "@/components/hostvibe/hero";
  4 | import HostvibeHostingCarousel from "@/components/hostvibe/hosting-caro...
  5 | import HostvibePricingSection from "@/components/hostvibe/pricing-secti...

Import map: aliased to relative './components/hostvibe/header' inside of [project]/


https://nextjs.org/docs/messages/module-not-found


    at <unknown> (Error: ./app/page.tsx:2:1)
    at <unknown> (https://nextjs.org/docs/messages/module-not-found)
    at Object.getCompilationErrors (file:///Users/mustafijur_rhaman/Sites/allsite/namecadre-nextjs/node_modules/next/dist/server/dev/hot-reloader-turbopack.js:1186:59)
    at DevBundlerService.getCompilationError (file:///Users/mustafijur_rhaman/Sites/allsite/namecadre-nextjs/node_modules/next/dist/server/lib/dev-bundler-service.js:44:55)
    at DevServer.getCompilationError (file:///Users/mustafijur_rhaman/Sites/allsite/namecadre-nextjs/node_modules/next/dist/server/dev/next-dev-server.js:719:42)
    at DevServer.findPageComponents (file:///Users/mustafijur_rhaman/Sites/allsite/namecadre-nextjs/node_modules/next/dist/server/dev/next-dev-server.js:689:43)
    at async DevServer.renderErrorToResponseImpl (file:///Users/mustafijur_rhaman/Sites/allsite/namecadre-nextjs/node_modules/next/dist/server/base-server.js:1745:26)
[  300938ms] [LOG] [HMR] connected @ http://localhost:3000/_next/static/chunks/node_modules_next_dist_0u_w_5s._.js:1226
[  301017ms] [ERROR] ./app/page.tsx:2:1
Module not found: Can't resolve '@/components/hostvibe/header'
  1 | import HostvibeFooter from "@/components/hostvibe/footer";
> 2 | import HostvibeHeader from "@/components/hostvibe/header";
    | ^^^^^^^^^^^^^^^^^^^^^^^^^^^^^^^^^^^^^^^^^^^^^^^^^^^^^^^^^^
  3 | import HostvibeHero from "@/components/hostvibe/hero";
  4 | import HostvibeHostingCarousel from "@/components/hostvibe/hosting-caro...
  5 | import HostvibePricingSection from "@/components/hostvibe/pricing-secti...

Import map: aliased to relative './components/hostvibe/header' inside of [project]/

https://nextjs.org/docs/messages/module-not-found @ http://localhost:3000/_next/static/chunks/node_modules_next_dist_0u_w_5s._.js:1945
[  301057ms] [ERROR] ./app/page.tsx:2:1
Module not found: Can't resolve '@/components/hostvibe/header'
  1 | import HostvibeFooter from "@/components/hostvibe/footer";
> 2 | import HostvibeHeader from "@/components/hostvibe/header";
    | ^^^^^^^^^^^^^^^^^^^^^^^^^^^^^^^^^^^^^^^^^^^^^^^^^^^^^^^^^^
  3 | import HostvibeHero from "@/components/hostvibe/hero";
  4 | import HostvibeHostingCarousel from "@/components/hostvibe/hosting-caro...
  5 | import HostvibePricingSection from "@/components/hostvibe/pricing-secti...

Import map: aliased to relative './components/hostvibe/header' inside of [project]/

https://nextjs.org/docs/messages/module-not-found @ http://localhost:3000/_next/static/chunks/node_modules_next_dist_0u_w_5s._.js:1945
[  301123ms] [ERROR] ./app/page.tsx:2:1
Module not found: Can't resolve '@/components/hostvibe/header'
  1 | import HostvibeFooter from "@/components/hostvibe/footer";
> 2 | import HostvibeHeader from "@/components/hostvibe/header";
    | ^^^^^^^^^^^^^^^^^^^^^^^^^^^^^^^^^^^^^^^^^^^^^^^^^^^^^^^^^^
  3 | import HostvibeHero from "@/components/hostvibe/hero";
  4 | import HostvibeHostingCarousel from "@/components/hostvibe/hosting-caro...
  5 | import HostvibePricingSection from "@/components/hostvibe/pricing-secti...

Import map: aliased to relative './components/hostvibe/header' inside of [project]/

https://nextjs.org/docs/messages/module-not-found @ http://localhost:3000/_next/static/chunks/node_modules_next_dist_0u_w_5s._.js:1945
[  301232ms] [ERROR] ./app/page.tsx:2:1
Module not found: Can't resolve '@/components/hostvibe/header'
  1 | import HostvibeFooter from "@/components/hostvibe/footer";
> 2 | import HostvibeHeader from "@/components/hostvibe/header";
    | ^^^^^^^^^^^^^^^^^^^^^^^^^^^^^^^^^^^^^^^^^^^^^^^^^^^^^^^^^^
  3 | import HostvibeHero from "@/components/hostvibe/hero";
  4 | import HostvibeHostingCarousel from "@/components/hostvibe/hosting-caro...
  5 | import HostvibePricingSection from "@/components/hostvibe/pricing-secti...

Import map: aliased to relative './components/hostvibe/header' inside of [project]/

https://nextjs.org/docs/messages/module-not-found @ http://localhost:3000/_next/static/chunks/node_modules_next_dist_0u_w_5s._.js:1945
[  301236ms] [LOG] [Fast Refresh] rebuilding @ http://localhost:3000/_next/static/chunks/node_modules_next_dist_0u_w_5s._.js:1226
[  497786ms] [ERROR] WebSocket connection to 'ws://localhost:3000/_next/webpack-hmr' failed: Error in connection establishment: net::ERR_CONNECTION_REFUSED @ http://localhost:3000/_next/static/chunks/node_modules_next_dist_client_0pe1dg-._.js:2342
[  498790ms] [ERROR] WebSocket connection to 'ws://localhost:3000/_next/webpack-hmr' failed: Error in connection establishment: net::ERR_CONNECTION_REFUSED @ http://localhost:3000/_next/static/chunks/node_modules_next_dist_client_0pe1dg-._.js:2342
[  499794ms] [ERROR] WebSocket connection to 'ws://localhost:3000/_next/webpack-hmr' failed: Error in connection establishment: net::ERR_CONNECTION_REFUSED @ http://localhost:3000/_next/static/chunks/node_modules_next_dist_client_0pe1dg-._.js:2342
[  500797ms] [ERROR] WebSocket connection to 'ws://localhost:3000/_next/webpack-hmr' failed: Error in connection establishment: net::ERR_CONNECTION_REFUSED @ http://localhost:3000/_next/static/chunks/node_modules_next_dist_client_0pe1dg-._.js:2342
[  501800ms] [ERROR] WebSocket connection to 'ws://localhost:3000/_next/webpack-hmr' failed: Error in connection establishment: net::ERR_CONNECTION_REFUSED @ http://localhost:3000/_next/static/chunks/node_modules_next_dist_client_0pe1dg-._.js:2342
[  506803ms] [ERROR] WebSocket connection to 'ws://localhost:3000/_next/webpack-hmr' failed: Error in connection establishment: net::ERR_CONNECTION_REFUSED @ http://localhost:3000/_next/static/chunks/node_modules_next_dist_client_0pe1dg-._.js:2342
[  511807ms] [ERROR] WebSocket connection to 'ws://localhost:3000/_next/webpack-hmr' failed: Error in connection establishment: net::ERR_CONNECTION_REFUSED @ http://localhost:3000/_next/static/chunks/node_modules_next_dist_client_0pe1dg-._.js:2342
[  516810ms] [ERROR] WebSocket connection to 'ws://localhost:3000/_next/webpack-hmr' failed: Error in connection establishment: net::ERR_CONNECTION_REFUSED @ http://localhost:3000/_next/static/chunks/node_modules_next_dist_client_0pe1dg-._.js:2342
[  521816ms] [ERROR] WebSocket connection to 'ws://localhost:3000/_next/webpack-hmr' failed: Error in connection establishment: net::ERR_CONNECTION_REFUSED @ http://localhost:3000/_next/static/chunks/node_modules_next_dist_client_0pe1dg-._.js:2342
[  526819ms] [ERROR] WebSocket connection to 'ws://localhost:3000/_next/webpack-hmr' failed: Error in connection establishment: net::ERR_CONNECTION_REFUSED @ http://localhost:3000/_next/static/chunks/node_modules_next_dist_client_0pe1dg-._.js:2342
[  531824ms] [ERROR] WebSocket connection to 'ws://localhost:3000/_next/webpack-hmr' failed: Error in connection establishment: net::ERR_CONNECTION_REFUSED @ http://localhost:3000/_next/static/chunks/node_modules_next_dist_client_0pe1dg-._.js:2342
[  536832ms] [ERROR] WebSocket connection to 'ws://localhost:3000/_next/webpack-hmr' failed: Error in connection establishment: net::ERR_CONNECTION_REFUSED @ http://localhost:3000/_next/static/chunks/node_modules_next_dist_client_0pe1dg-._.js:2342
